Using pre-set license
Built from '2020.3/staging' branch; Version is '2020.3.14f1 (d0d1bb862f9d) revision 13685179'; Using compiler version '192528614'; Build Type 'Release'
OS: 'Windows 10 Home; OS build 19043.1110; Version 2009; 64bit' Language: 'en' Physical Memory: 32676 MB
BatchMode: 1, IsHumanControllingUs: 0, StartBugReporterOnCrash: 0, Is64bit: 1, IsPro: 0

 COMMAND LINE ARGUMENTS:
C:\Program Files\Unity\Hub\Editor\2020.3.14f1\Editor\Unity.exe
-adb2
-batchMode
-noUpm
-name
AssetImportWorker0
-projectPath
E:/Unity/AI_race/AI_RACE
-logFile
Logs/AssetImportWorker0.log
-srvPort
49893
Successfully changed project path to: E:/Unity/AI_race/AI_RACE
E:/Unity/AI_race/AI_RACE
Using Asset Import Pipeline V2.
Refreshing native plugins compatible for Editor in 17.83 ms, found 2 plugins.
Preloading 0 native plugins for Editor in 0.00 ms.
Initialize engine version: 2020.3.14f1 (d0d1bb862f9d)
[Subsystems] Discovering subsystems at path C:/Program Files/Unity/Hub/Editor/2020.3.14f1/Editor/Data/Resources/UnitySubsystems
[Subsystems] Discovering subsystems at path E:/Unity/AI_race/AI_RACE/Assets
GfxDevice: creating device client; threaded=0
Direct3D:
    Version:  Direct3D 11.0 [level 11.1]
    Renderer: AMD Radeon RX 6900 XT (ID=0x73bf)
    Vendor:   
    VRAM:     16081 MB
    Driver:   27.20.22021.1002
Initialize mono
Mono path[0] = 'C:/Program Files/Unity/Hub/Editor/2020.3.14f1/Editor/Data/Managed'
Mono path[1] = 'C:/Program Files/Unity/Hub/Editor/2020.3.14f1/Editor/Data/MonoBleedingEdge/lib/mono/unityjit'
Mono config path = 'C:/Program Files/Unity/Hub/Editor/2020.3.14f1/Editor/Data/MonoBleedingEdge/etc'
Using monoOptions --debugger-agent=transport=dt_socket,embedding=1,server=y,suspend=n,address=127.0.0.1:56180
Begin MonoManager ReloadAssembly
Registering precompiled unity dll's ...
Register platform support module: C:/Program Files/Unity/Hub/Editor/2020.3.14f1/Editor/Data/PlaybackEngines/WebGLSupport/UnityEditor.WebGL.Extensions.dll
Register platform support module: C:/Program Files/Unity/Hub/Editor/2020.3.14f1/Editor/Data/PlaybackEngines/WindowsStandaloneSupport/UnityEditor.WindowsStandalone.Extensions.dll
Register platform support module: C:/Program Files/Unity/Hub/Editor/2020.3.14f1/Editor/Data/PlaybackEngines/LinuxStandaloneSupport/UnityEditor.LinuxStandalone.Extensions.dll
Registered in 0.002671 seconds.
Native extension for LinuxStandalone target not found
Native extension for WindowsStandalone target not found
Native extension for WebGL target not found
Refreshing native plugins compatible for Editor in 26.00 ms, found 2 plugins.
Preloading 0 native plugins for Editor in 0.00 ms.
Mono: successfully reloaded assembly
- Completed reload, in  1.253 seconds
Domain Reload Profiling:
	ReloadAssembly (1254ms)
		BeginReloadAssembly (36ms)
			ExecutionOrderSort (0ms)
			DisableScriptedObjects (0ms)
			BackupInstance (0ms)
			ReleaseScriptingObjects (0ms)
			CreateAndSetChildDomain (0ms)
		EndReloadAssembly (263ms)
			LoadAssemblies (35ms)
			RebuildTransferFunctionScriptingTraits (0ms)
			SetupTypeCache (90ms)
			ReleaseScriptCaches (0ms)
			RebuildScriptCaches (18ms)
			SetupLoadedEditorAssemblies (108ms)
				LogAssemblyErrors (0ms)
				InitializePlatformSupportModulesInManaged (4ms)
				SetLoadedEditorAssemblies (0ms)
				RefreshPlugins (26ms)
				BeforeProcessingInitializeOnLoad (5ms)
				ProcessInitializeOnLoadAttributes (54ms)
				ProcessInitializeOnLoadMethodAttributes (18ms)
				AfterProcessingInitializeOnLoad (0ms)
				EditorAssembliesLoaded (0ms)
			ExecutionOrderSort2 (0ms)
			AwakeInstancesAfterBackupRestoration (0ms)
Platform modules already initialized, skipping
Registering precompiled user dll's ...
Registered in 0.001543 seconds.
Begin MonoManager ReloadAssembly
Native extension for LinuxStandalone target not found
Native extension for WindowsStandalone target not found
Native extension for WebGL target not found
Refreshing native plugins compatible for Editor in 0.26 ms, found 2 plugins.
Preloading 0 native plugins for Editor in 0.00 ms.
Mono: successfully reloaded assembly
- Completed reload, in  0.601 seconds
Domain Reload Profiling:
	ReloadAssembly (601ms)
		BeginReloadAssembly (88ms)
			ExecutionOrderSort (0ms)
			DisableScriptedObjects (3ms)
			BackupInstance (0ms)
			ReleaseScriptingObjects (0ms)
			CreateAndSetChildDomain (13ms)
		EndReloadAssembly (473ms)
			LoadAssemblies (52ms)
			RebuildTransferFunctionScriptingTraits (0ms)
			SetupTypeCache (152ms)
			ReleaseScriptCaches (0ms)
			RebuildScriptCaches (24ms)
			SetupLoadedEditorAssemblies (189ms)
				LogAssemblyErrors (0ms)
				InitializePlatformSupportModulesInManaged (5ms)
				SetLoadedEditorAssemblies (0ms)
				RefreshPlugins (0ms)
				BeforeProcessingInitializeOnLoad (33ms)
				ProcessInitializeOnLoadAttributes (144ms)
				ProcessInitializeOnLoadMethodAttributes (2ms)
				AfterProcessingInitializeOnLoad (4ms)
				EditorAssembliesLoaded (0ms)
			ExecutionOrderSort2 (0ms)
			AwakeInstancesAfterBackupRestoration (4ms)
Platform modules already initialized, skipping
========================================================================
Worker process is ready to serve import requests
Launched and connected shader compiler UnityShaderCompiler.exe after 0.03 seconds
Refreshing native plugins compatible for Editor in 0.25 ms, found 2 plugins.
Preloading 0 native plugins for Editor in 0.00 ms.
Unloading 1390 Unused Serialized files (Serialized files now loaded: 0)
System memory in use before: 64.8 MB.
System memory in use after: 64.8 MB.

Unloading 19 unused Assets to reduce memory usage. Loaded Objects now: 1823.
Total: 1.421000 ms (FindLiveObjects: 0.093800 ms CreateObjectMapping: 0.028600 ms MarkObjects: 1.247800 ms  DeleteObjects: 0.050000 ms)

AssetImportParameters requested are different than current active one (requested -> active):
  custom:framework-win-MediaFoundation: 216162199b28c13a410421893ffa2e32 -> 
  custom:video-decoder-ogg-theora: a1e56fd34408186e4bbccfd4996cb3dc -> 
  custom:container-muxer-webm: aa71ff27fc2769a1b78a27578f13a17b -> 
  custom:container-demuxer-webm: 4f35f7cbe854078d1ac9338744f61a02 -> 
  custom:container-demuxer-ogg: 62fdf1f143b41e24485cea50d1cbac27 -> 
  custom:video-encoder-webm-vp8: eb34c28f22e8b96e1ab97ce403110664 -> 
  custom:video-decoder-webm-vp8: 9c59270c3fd7afecdb556c50c9e8de78 -> 
  custom:audio-decoder-ogg-vorbis: bf7c407c2cedff20999df2af8eb42d56 -> 
  custom:audio-encoder-webm-vorbis: bf7c407c2cedff20999df2af8eb42d56 -> 
========================================================================
Received Import Request.
  path: Assets/Simple Vehicle Pack
  artifactKey: Guid(fb6a11dbdfb57994eab5c5ebd8711ad8) Importer(815301076,1909f56bfc062723c751e8b465ee728b)
Start importing Assets/Simple Vehicle Pack using Guid(fb6a11dbdfb57994eab5c5ebd8711ad8) Importer(815301076,1909f56bfc062723c751e8b465ee728b)  -> (artifact id: '42790effe891c85ed2729ea1006d436d') in 0.006182 seconds 
  Import took 0.007698 seconds .

========================================================================
Received Import Request.
  Time since last request: 0.004995 seconds.
  path: Assets/Simple Vehicle Pack/Prefabs
  artifactKey: Guid(24f2c341cec0b5449866cc1e55270d79) Importer(815301076,1909f56bfc062723c751e8b465ee728b)
Start importing Assets/Simple Vehicle Pack/Prefabs using Guid(24f2c341cec0b5449866cc1e55270d79) Importer(815301076,1909f56bfc062723c751e8b465ee728b)  -> (artifact id: '8234d9ba6197d33c659a9bdfe35a4f46') in 0.013301 seconds 
  Import took 0.014884 seconds .

========================================================================
Received Import Request.
  Time since last request: 0.056344 seconds.
  path: Assets/Simple Vehicle Pack/Prefabs/Bus_1.prefab
  artifactKey: Guid(fc4245223e4122142bb14239d44230ef) Importer(815301076,1909f56bfc062723c751e8b465ee728b)
Start importing Assets/Simple Vehicle Pack/Prefabs/Bus_1.prefab using Guid(fc4245223e4122142bb14239d44230ef) Importer(815301076,1909f56bfc062723c751e8b465ee728b)  -> (artifact id: 'f3067e250e7c741b234b36821f8adab4') in 0.228832 seconds 
  Import took 0.230653 seconds .

========================================================================
Received Import Request.
  Time since last request: 0.000119 seconds.
  path: Assets/Simple Vehicle Pack/Prefabs/Taxi.prefab
  artifactKey: Guid(50477af197889084e8a6d97f2b73b73b) Importer(815301076,1909f56bfc062723c751e8b465ee728b)
Start importing Assets/Simple Vehicle Pack/Prefabs/Taxi.prefab using Guid(50477af197889084e8a6d97f2b73b73b) Importer(815301076,1909f56bfc062723c751e8b465ee728b)  -> (artifact id: '9fddbfbc14f0f47303e14754d2264e9c') in 0.019914 seconds 
  Import took 0.021577 seconds .

========================================================================
Received Import Request.
  Time since last request: 0.000106 seconds.
  path: Assets/Simple Vehicle Pack/Prefabs/Car_3.prefab
  artifactKey: Guid(512151c1530b99343a884b12ee9c5e1e) Importer(815301076,1909f56bfc062723c751e8b465ee728b)
Start importing Assets/Simple Vehicle Pack/Prefabs/Car_3.prefab using Guid(512151c1530b99343a884b12ee9c5e1e) Importer(815301076,1909f56bfc062723c751e8b465ee728b)  -> (artifact id: 'e3bb07200b2c6456a5c8ca9c6ad39cc5') in 0.014740 seconds 
  Import took 0.016269 seconds .

========================================================================
Received Import Request.
  Time since last request: 0.000104 seconds.
  path: Assets/Simple Vehicle Pack/Prefabs/Police_car.prefab
  artifactKey: Guid(f463242ba59e68243b7a693d4f0cfc18) Importer(815301076,1909f56bfc062723c751e8b465ee728b)
Start importing Assets/Simple Vehicle Pack/Prefabs/Police_car.prefab using Guid(f463242ba59e68243b7a693d4f0cfc18) Importer(815301076,1909f56bfc062723c751e8b465ee728b)  -> (artifact id: '9a4f6b0c94fa12c5e1b6d751cd1199d2') in 0.011600 seconds 
  Import took 0.013135 seconds .

========================================================================
Received Import Request.
  Time since last request: 0.000108 seconds.
  path: Assets/Simple Vehicle Pack/Prefabs/Bus_2.prefab
  artifactKey: Guid(34941e62fdb557544ada8af1b5333ae0) Importer(815301076,1909f56bfc062723c751e8b465ee728b)
Start importing Assets/Simple Vehicle Pack/Prefabs/Bus_2.prefab using Guid(34941e62fdb557544ada8af1b5333ae0) Importer(815301076,1909f56bfc062723c751e8b465ee728b)  -> (artifact id: '93f6b4a1141bf9177169a675cef4ef5d') in 0.008487 seconds 
  Import took 0.009968 seconds .

========================================================================
Received Import Request.
  Time since last request: 0.000105 seconds.
  path: Assets/Simple Vehicle Pack/Prefabs/Car_4.prefab
  artifactKey: Guid(ab26596a331d7ee43a3e9d29e2be9f84) Importer(815301076,1909f56bfc062723c751e8b465ee728b)
Start importing Assets/Simple Vehicle Pack/Prefabs/Car_4.prefab using Guid(ab26596a331d7ee43a3e9d29e2be9f84) Importer(815301076,1909f56bfc062723c751e8b465ee728b)  -> (artifact id: 'd53fba58a1d8d5be61f5ad442cdbdc4e') in 0.010562 seconds 
  Import took 0.012117 seconds .

========================================================================
Received Import Request.
  Time since last request: 0.000121 seconds.
  path: Assets/Simple Vehicle Pack/Prefabs/Car_2.prefab
  artifactKey: Guid(2dc42346e5313b34c93d598a61994629) Importer(815301076,1909f56bfc062723c751e8b465ee728b)
Start importing Assets/Simple Vehicle Pack/Prefabs/Car_2.prefab using Guid(2dc42346e5313b34c93d598a61994629) Importer(815301076,1909f56bfc062723c751e8b465ee728b)  -> (artifact id: '887505a8bffadac1a6eb4e6019967dd1') in 0.010668 seconds 
  Import took 0.012513 seconds .

========================================================================
Received Import Request.
  Time since last request: 0.000122 seconds.
  path: Assets/Simple Vehicle Pack/Prefabs/Car_1.prefab
  artifactKey: Guid(0ae65270c30153049ab49eb3ebf070d6) Importer(815301076,1909f56bfc062723c751e8b465ee728b)
Start importing Assets/Simple Vehicle Pack/Prefabs/Car_1.prefab using Guid(0ae65270c30153049ab49eb3ebf070d6) Importer(815301076,1909f56bfc062723c751e8b465ee728b)  -> (artifact id: '3cedc679fccbb5787bd706385bb9a5d8') in 0.010859 seconds 
  Import took 0.012576 seconds .

========================================================================
Received Import Request.
  Time since last request: 1286.179498 seconds.
  path: Assets
  artifactKey: Guid(00000000000000001000000000000000) Importer(815301076,1909f56bfc062723c751e8b465ee728b)
Start importing Assets using Guid(00000000000000001000000000000000) Importer(815301076,1909f56bfc062723c751e8b465ee728b)  -> (artifact id: '42d402b061de3733987d63b9cc3b64de') in 0.005071 seconds 
  Import took 0.006964 seconds .

========================================================================
Received Import Request.
  Time since last request: 0.000239 seconds.
  path: Assets
  artifactKey: Guid(00000000000000001000000000000000) Importer(815301076,1909f56bfc062723c751e8b465ee728b)
Start importing Assets using Guid(00000000000000001000000000000000) Importer(815301076,1909f56bfc062723c751e8b465ee728b)  -> (artifact id: '42d402b061de3733987d63b9cc3b64de') in 0.000923 seconds 
  Import took 0.002153 seconds .

========================================================================
Received Import Request.
  Time since last request: 1.339472 seconds.
  path: Assets/Scenes
  artifactKey: Guid(ee11330a9674eba40887f7849e8df72b) Importer(815301076,1909f56bfc062723c751e8b465ee728b)
Start importing Assets/Scenes using Guid(ee11330a9674eba40887f7849e8df72b) Importer(815301076,1909f56bfc062723c751e8b465ee728b)  -> (artifact id: '0aa266ea38261d44b6bdceb3256a0af7') in 0.004085 seconds 
  Import took 0.005795 seconds .

========================================================================
Received Import Request.
  Time since last request: 0.822632 seconds.
  path: Assets/Scenes/SampleScene.unity
  artifactKey: Guid(9fc0d4010bbf28b4594072e72b8655ab) Importer(815301076,1909f56bfc062723c751e8b465ee728b)
Start importing Assets/Scenes/SampleScene.unity using Guid(9fc0d4010bbf28b4594072e72b8655ab) Importer(815301076,1909f56bfc062723c751e8b465ee728b)  -> (artifact id: '85059f4f9e1a832ed95adaa0d25c5c4c') in 0.004591 seconds 
  Import took 0.006379 seconds .

========================================================================
Received Import Request.
  Time since last request: 7.553924 seconds.
  path: Assets/Scenes/New Folder
  artifactKey: Guid(8d3729a11f491c44eb7629da83a0daad) Importer(815301076,1909f56bfc062723c751e8b465ee728b)
Start importing Assets/Scenes/New Folder using Guid(8d3729a11f491c44eb7629da83a0daad) Importer(815301076,1909f56bfc062723c751e8b465ee728b)  -> (artifact id: '6d69472c29fb08097a58999a3e37f53b') in 0.004223 seconds 
  Import took 0.006114 seconds .

========================================================================
Received Import Request.
  Time since last request: 7.120560 seconds.
  path: Assets/Prefabs
  artifactKey: Guid(3ba5a062c9a9f04479e4a2c9e8be3b4f) Importer(815301076,1909f56bfc062723c751e8b465ee728b)
Start importing Assets/Prefabs using Guid(3ba5a062c9a9f04479e4a2c9e8be3b4f) Importer(815301076,1909f56bfc062723c751e8b465ee728b)  -> (artifact id: 'c50d8e082f912565272336adbb171203') in 0.001093 seconds 
  Import took 0.002847 seconds .

========================================================================
Received Import Request.
  Time since last request: 24.013109 seconds.
  path: Assets/Prefabs/Plane.prefab
  artifactKey: Guid(dbbec46d5126dc443ade45a565e43eb2) Importer(815301076,1909f56bfc062723c751e8b465ee728b)
Start importing Assets/Prefabs/Plane.prefab using Guid(dbbec46d5126dc443ade45a565e43eb2) Importer(815301076,1909f56bfc062723c751e8b465ee728b)  -> (artifact id: '4dda32dca387884ee44368289b9dee0b') in 0.008776 seconds 
  Import took 0.010485 seconds .

========================================================================
Received Import Request.
  Time since last request: 0.003921 seconds.
  path: Assets/Prefabs/Plane.prefab
  artifactKey: Guid(dbbec46d5126dc443ade45a565e43eb2) Importer(815301076,1909f56bfc062723c751e8b465ee728b)
Start importing Assets/Prefabs/Plane.prefab using Guid(dbbec46d5126dc443ade45a565e43eb2) Importer(815301076,1909f56bfc062723c751e8b465ee728b)  -> (artifact id: '4dda32dca387884ee44368289b9dee0b') in 0.004038 seconds 
  Import took 0.005415 seconds .

========================================================================
Received Import Request.
  Time since last request: 12.025723 seconds.
  path: Assets/Prefabs/Plane.prefab
  artifactKey: Guid(dbbec46d5126dc443ade45a565e43eb2) Importer(815301076,1909f56bfc062723c751e8b465ee728b)
Start importing Assets/Prefabs/Plane.prefab using Guid(dbbec46d5126dc443ade45a565e43eb2) Importer(815301076,1909f56bfc062723c751e8b465ee728b)  -> (artifact id: '40178d50fc67ed01456d2443fcefd083') in 0.006719 seconds 
  Import took 0.008394 seconds .

========================================================================
Received Import Request.
  Time since last request: 1.395418 seconds.
  path: Assets/Prefabs/Plane.prefab
  artifactKey: Guid(dbbec46d5126dc443ade45a565e43eb2) Importer(815301076,1909f56bfc062723c751e8b465ee728b)
Start importing Assets/Prefabs/Plane.prefab using Guid(dbbec46d5126dc443ade45a565e43eb2) Importer(815301076,1909f56bfc062723c751e8b465ee728b)  -> (artifact id: '572a674ceb302416b8645d8e55aaa866') in 0.004081 seconds 
  Import took 0.005812 seconds .

========================================================================
Received Import Request.
  Time since last request: 0.802744 seconds.
  path: Assets/Prefabs/Plane.prefab
  artifactKey: Guid(dbbec46d5126dc443ade45a565e43eb2) Importer(815301076,1909f56bfc062723c751e8b465ee728b)
Start importing Assets/Prefabs/Plane.prefab using Guid(dbbec46d5126dc443ade45a565e43eb2) Importer(815301076,1909f56bfc062723c751e8b465ee728b)  -> (artifact id: 'd473ff20b1bf9571928c8fe32ba47761') in 0.004836 seconds 
  Import took 0.006484 seconds .

========================================================================
Received Import Request.
  Time since last request: 56.120867 seconds.
  path: Assets/Materials
  artifactKey: Guid(90ee92cca9801b449a65160eda65079a) Importer(815301076,1909f56bfc062723c751e8b465ee728b)
Start importing Assets/Materials using Guid(90ee92cca9801b449a65160eda65079a) Importer(815301076,1909f56bfc062723c751e8b465ee728b)  -> (artifact id: 'd7d02457dbe08d70595ab52b4dcaa070') in 0.003969 seconds 
  Import took 0.005736 seconds .

========================================================================
Received Import Request.
  Time since last request: 5.543857 seconds.
  path: Assets/Materials/Road.mat
  artifactKey: Guid(301b40377e0d7fd40b8c7e1671570e81) Importer(815301076,1909f56bfc062723c751e8b465ee728b)
Start importing Assets/Materials/Road.mat using Guid(301b40377e0d7fd40b8c7e1671570e81) Importer(815301076,1909f56bfc062723c751e8b465ee728b)  -> (artifact id: '8655eed690028c2354772db5a14a42b6') in 0.020761 seconds 
  Import took 0.022532 seconds .

========================================================================
Received Import Request.
  Time since last request: 448.038156 seconds.
  path: Assets/Materials/Road.mat
  artifactKey: Guid(301b40377e0d7fd40b8c7e1671570e81) Importer(815301076,1909f56bfc062723c751e8b465ee728b)
Start importing Assets/Materials/Road.mat using Guid(301b40377e0d7fd40b8c7e1671570e81) Importer(815301076,1909f56bfc062723c751e8b465ee728b)  -> (artifact id: 'c0f4929fcbf50f49b9325410f856b2af') in 0.006865 seconds 
  Import took 0.008810 seconds .

AssetImportWorkerClient::OnTransportError - code=2 error=End of file
